2025-06-08T00:50:12.436+05:30  WARN 9268 --- [family-tree-medea-service] [HikariPool-1 housekeeper] com.zaxxer.hikari.pool.HikariPool        : HikariPool-1 - Thread starvation or clock leap detected (housekeeper delta=1h17m7s590ms).
2025-06-08T02:22:48.916+05:30  WARN 9268 --- [family-tree-medea-service] [HikariPool-1 housekeeper] com.zaxxer.hikari.pool.HikariPool        : HikariPool-1 - Thread starvation or clock leap detected (housekeeper delta=1h32m36s480ms).
2025-06-08T03:39:48.617+05:30  WARN 9268 --- [family-tree-medea-service] [HikariPool-1 housekeeper] com.zaxxer.hikari.pool.HikariPool        : HikariPool-1 - Thread starvation or clock leap detected (housekeeper delta=1h16m59s701ms).
2025-06-08T05:04:45.657+05:30  WARN 9268 --- [family-tree-medea-service] [HikariPool-1 housekeeper] com.zaxxer.hikari.pool.HikariPool        : HikariPool-1 - Thread starvation or clock leap detected (housekeeper delta=1h24m57s40ms).
2025-06-08T06:36:08.052+05:30  WARN 9268 --- [family-tree-medea-service] [HikariPool-1 housekeeper] com.zaxxer.hikari.pool.HikariPool        : HikariPool-1 - Thread starvation or clock leap detected (housekeeper delta=1h31m22s395ms).
2025-06-08T08:00:42.987+05:30  WARN 9268 --- [family-tree-medea-service] [HikariPool-1 housekeeper] com.zaxxer.hikari.pool.HikariPool        : HikariPool-1 - Thread starvation or clock leap detected (housekeeper delta=1h24m34s935ms).
2025-06-08T09:03:02.724+05:30  WARN 9268 --- [family-tree-medea-service] [HikariPool-1 housekeeper] com.zaxxer.hikari.pool.HikariPool        : HikariPool-1 - Thread starvation or clock leap detected (housekeeper delta=1h2m19s737ms).
2025-06-08T09:19:16.012+05:30  WARN 9268 --- [family-tree-medea-service] [HikariPool-1 housekeeper] com.zaxxer.hikari.pool.HikariPool        : HikariPool-1 - Thread starvation or clock leap detected (housekeeper delta=16m13s288ms).
2025-06-08T09:28:45.083+05:30  WARN 9268 --- [family-tree-medea-service] [HikariPool-1 housekeeper] com.zaxxer.hikari.pool.HikariPool        : HikariPool-1 - Thread starvation or clock leap detected (housekeeper delta=9m29s70ms).
2025-06-08T09:33:07.663+05:30  WARN 9268 --- [family-tree-medea-service] [HikariPool-1 housekeeper] com.zaxxer.hikari.pool.HikariPool        : HikariPool-1 - Thread starvation or clock leap detected (housekeeper delta=4m22s581ms).
2025-06-08T09:37:23.600+05:30  WARN 9268 --- [family-tree-medea-service] [HikariPool-1 housekeeper] com.zaxxer.hikari.pool.HikariPool        : HikariPool-1 - Thread starvation or clock leap detected (housekeeper delta=4m15s936ms).
2025-06-08T09:41:49.015+05:30  WARN 9268 --- [family-tree-medea-service] [HikariPool-1 housekeeper] com.zaxxer.hikari.pool.HikariPool        : HikariPool-1 - Thread starvation or clock leap detected (housekeeper delta=4m25s416ms).
2025-06-08T10:36:52.128+05:30  WARN 9268 --- [family-tree-medea-service] [HikariPool-1 housekeeper] com.zaxxer.hikari.pool.HikariPool        : HikariPool-1 - Thread starvation or clock leap detected (housekeeper delta=55m3s113ms).
2025-06-08T11:51:28.711+05:30  WARN 9268 --- [family-tree-medea-service] [HikariPool-1 housekeeper] com.zaxxer.hikari.pool.HikariPool        : HikariPool-1 - Thread starvation or clock leap detected (housekeeper delta=1h14m36s583ms).
2025-06-08T13:06:49.101+05:30  WARN 9268 --- [family-tree-medea-service] [HikariPool-1 housekeeper] com.zaxxer.hikari.pool.HikariPool        : HikariPool-1 - Thread starvation or clock leap detected (housekeeper delta=1h15m20s390ms).
2025-06-08T13:29:39.299+05:30  WARN 9268 --- [family-tree-medea-service] [HikariPool-1 housekeeper] com.zaxxer.hikari.pool.HikariPool        : HikariPool-1 - Thread starvation or clock leap detected (housekeeper delta=22m50s198ms).
2025-06-08T14:07:53.513+05:30  WARN 9268 --- [family-tree-medea-service] [HikariPool-1 housekeeper] com.zaxxer.hikari.pool.HikariPool        : HikariPool-1 - Thread starvation or clock leap detected (housekeeper delta=38m14s214ms).
2025-06-08T15:25:04.333+05:30  WARN 9268 --- [family-tree-medea-service] [HikariPool-1 housekeeper] com.zaxxer.hikari.pool.HikariPool        : HikariPool-1 - Thread starvation or clock leap detected (housekeeper delta=1h17m10s820ms).
2025-06-08T17:10:43.132+05:30  WARN 9268 --- [family-tree-medea-service] [HikariPool-1 housekeeper] com.zaxxer.hikari.pool.HikariPool        : HikariPool-1 - Thread starvation or clock leap detected (housekeeper delta=1h45m38s799ms).
2025-06-08T18:44:51.085+05:30  WARN 9268 --- [family-tree-medea-service] [HikariPool-1 housekeeper] com.zaxxer.hikari.pool.HikariPool        : HikariPool-1 - Thread starvation or clock leap detected (housekeeper delta=1h34m7s953ms).
2025-06-08T19:12:23.836+05:30  WARN 9268 --- [family-tree-medea-service] [HikariPool-1 housekeeper] com.zaxxer.hikari.pool.HikariPool        : HikariPool-1 - Thread starvation or clock leap detected (housekeeper delta=27m32s750ms).
2025-06-08T19:26:09.039+05:30  INFO 9268 --- [family-tree-medea-service] [SpringApplicationShutdownHook] o.s.b.w.e.tomcat.GracefulShutdown        : Commencing graceful shutdown. Waiting for active requests to complete
2025-06-08T19:26:09.056+05:30  INFO 9268 --- [family-tree-medea-service] [tomcat-shutdown] o.s.b.w.e.tomcat.GracefulShutdown        : Graceful shutdown complete
2025-06-08T19:26:09.064+05:30  INFO 9268 --- [family-tree-medea-service] [SpringApplicationShutdownHook] j.LocalContainerEntityManagerFactoryBean : Closing JPA EntityManagerFactory for persistence unit 'default'
2025-06-08T19:26:09.067+05:30  INFO 9268 --- [family-tree-medea-service] [SpringApplicationShutdownHook] com.zaxxer.hikari.HikariDataSource       : HikariPool-1 - Shutdown initiated...
2025-06-08T19:26:09.070+05:30  INFO 9268 --- [family-tree-medea-service] [SpringApplicationShutdownHook] com.zaxxer.hikari.HikariDataSource       : HikariPool-1 - Shutdown completed.
2025-06-08T19:59:04.769+05:30  INFO 10771 --- [family-tree-medea-service] [main] s.FamilyTreeMedeaServiceApplicationTests : Starting FamilyTreeMedeaServiceApplicationTests using Java 21.0.7 with PID 10771 (started by mac in /Users/mac/Projects/Family Tree/family-duniya-media-service)
2025-06-08T19:59:04.771+05:30  INFO 10771 --- [family-tree-medea-service] [main] s.FamilyTreeMedeaServiceApplicationTests : No active profile set, falling back to 1 default profile: "default"
2025-06-08T19:59:05.082+05:30  INFO 10771 --- [family-tree-medea-service] [main] .s.d.r.c.RepositoryConfigurationDelegate : Bootstrapping Spring Data JPA repositories in DEFAULT mode.
2025-06-08T19:59:05.106+05:30  INFO 10771 --- [family-tree-medea-service] [main] .s.d.r.c.RepositoryConfigurationDelegate : Finished Spring Data repository scanning in 19 ms. Found 1 JPA repository interface.
2025-06-08T19:59:05.302+05:30  INFO 10771 --- [family-tree-medea-service] [main] o.hibernate.jpa.internal.util.LogHelper  : HHH000204: Processing PersistenceUnitInfo [name: default]
2025-06-08T19:59:05.333+05:30  INFO 10771 --- [family-tree-medea-service] [main] org.hibernate.Version                    : HHH000412: Hibernate ORM core version 6.6.13.Final
2025-06-08T19:59:05.351+05:30  INFO 10771 --- [family-tree-medea-service] [main] o.h.c.internal.RegionFactoryInitiator    : HHH000026: Second-level cache disabled
2025-06-08T19:59:05.485+05:30  INFO 10771 --- [family-tree-medea-service] [main] o.s.o.j.p.SpringPersistenceUnitInfo      : No LoadTimeWeaver setup: ignoring JPA class transformer
2025-06-08T19:59:05.498+05:30  INFO 10771 --- [family-tree-medea-service] [main] com.zaxxer.hikari.HikariDataSource       : HikariPool-1 - Starting...
2025-06-08T19:59:05.575+05:30  INFO 10771 --- [family-tree-medea-service] [main] com.zaxxer.hikari.pool.HikariPool        : HikariPool-1 - Added connection org.postgresql.jdbc.PgConnection@1657b017
2025-06-08T19:59:05.576+05:30  INFO 10771 --- [family-tree-medea-service] [main] com.zaxxer.hikari.HikariDataSource       : HikariPool-1 - Start completed.
2025-06-08T19:59:05.607+05:30  WARN 10771 --- [family-tree-medea-service] [main] org.hibernate.orm.deprecation            : HHH90000025: PostgreSQLDialect does not need to be specified explicitly using 'hibernate.dialect' (remove the property setting and it will be selected by default)
2025-06-08T19:59:05.618+05:30  INFO 10771 --- [family-tree-medea-service] [main] org.hibernate.orm.connections.pooling    : HHH10001005: Database info:
	Database JDBC URL [Connecting through datasource 'HikariDataSource (HikariPool-1)']
	Database driver: undefined/unknown
	Database version: 14.18
	Autocommit mode: undefined/unknown
	Isolation level: undefined/unknown
	Minimum pool size: undefined/unknown
	Maximum pool size: undefined/unknown
2025-06-08T19:59:06.130+05:30  INFO 10771 --- [family-tree-medea-service] [main] o.h.e.t.j.p.i.JtaPlatformInitiator       : HHH000489: No JTA platform available (set 'hibernate.transaction.jta.platform' to enable JTA platform integration)
2025-06-08T19:59:06.629+05:30  INFO 10771 --- [family-tree-medea-service] [main] j.LocalContainerEntityManagerFactoryBean : Initialized JPA EntityManagerFactory for persistence unit 'default'
2025-06-08T19:59:07.091+05:30  WARN 10771 --- [family-tree-medea-service] [main] JpaBaseConfiguration$JpaWebConfiguration : spring.jpa.open-in-view is enabled by default. Therefore, database queries may be performed during view rendering. Explicitly configure spring.jpa.open-in-view to disable this warning
2025-06-08T19:59:07.256+05:30  INFO 10771 --- [family-tree-medea-service] [main] s.FamilyTreeMedeaServiceApplicationTests : Started FamilyTreeMedeaServiceApplicationTests in 2.657 seconds (process running for 3.111)
2025-06-08T19:59:07.588+05:30  INFO 10771 --- [family-tree-medea-service] [SpringApplicationShutdownHook] j.LocalContainerEntityManagerFactoryBean : Closing JPA EntityManagerFactory for persistence unit 'default'
2025-06-08T19:59:07.590+05:30  INFO 10771 --- [family-tree-medea-service] [SpringApplicationShutdownHook] com.zaxxer.hikari.HikariDataSource       : HikariPool-1 - Shutdown initiated...
2025-06-08T19:59:07.592+05:30  INFO 10771 --- [family-tree-medea-service] [SpringApplicationShutdownHook] com.zaxxer.hikari.HikariDataSource       : HikariPool-1 - Shutdown completed.
